<?xml version="1.0" encoding="UTF-8"?>
<testsuite xmlns:xsi="http://www.w3.org/2001/XMLSchema-instance" xsi:noNamespaceSchemaLocation="https://maven.apache.org/surefire/maven-surefire-plugin/xsd/surefire-test-report-3.0.xsd" version="3.0" name="edu.school21.repositories.ProductsRepositoryTest" time="0.013" tests="1" errors="0" skipped="0" failures="0">
  <properties>
[...]
</properties>
  <testcase name="findAllCheck" classname="edu.school21.repositories.ProductsRepositoryTest" time="0.008">
    <system-err><![CDATA[Jul 24, 2022 5:43:28 PM org.springframework.jdbc.datasource.embedded.EmbeddedDatabaseFactory initDatabase
INFO: Starting embedded database: url='jdbc:hsqldb:mem:testdb', username='sa'
]]></system-err>
  </testcase>
</testsuite>